Started GET "/" for 127.0.0.1 at 2017-09-21 16:01:47 -0300
Processing by MainController#index as HTML
  Rendering main/index.html.erb within layouts/application
  Rendered main/index.html.erb within layouts/application (0.9ms)
Completed 200 OK in 385ms (Views: 203.2ms)


Started GET "/" for 127.0.0.1 at 2017-09-21 16:01:49 -0300
Processing by MainController#index as HTML
  Rendering main/index.html.erb within layouts/application
  Rendered main/index.html.erb within layouts/application (0.4ms)
Completed 200 OK in 16ms (Views: 11.8ms)


Started GET "/" for 127.0.0.1 at 2017-09-21 16:01:50 -0300
Processing by MainController#index as HTML
  Rendering main/index.html.erb within layouts/application
  Rendered main/index.html.erb within layouts/application (0.4ms)
Completed 200 OK in 16ms (Views: 11.9ms)


Started GET "/" for 127.0.0.1 at 2017-09-21 16:01:51 -0300
Processing by MainController#index as HTML
  Rendering main/index.html.erb within layouts/application
  Rendered main/index.html.erb within layouts/application (0.4ms)
Completed 200 OK in 17ms (Views: 14.0ms)


Started GET "/" for 127.0.0.1 at 2017-09-21 16:01:52 -0300
Processing by MainController#index as HTML
  Rendering main/index.html.erb within layouts/application
  Rendered main/index.html.erb within layouts/application (0.4ms)
Completed 200 OK in 16ms (Views: 13.0ms)


Started GET "/" for 127.0.0.1 at 2017-09-21 16:01:53 -0300
Processing by MainController#index as HTML
  Rendering main/index.html.erb within layouts/application
  Rendered main/index.html.erb within layouts/application (0.4ms)
Completed 200 OK in 16ms (Views: 13.7ms)


Started GET "/" for 127.0.0.1 at 2017-09-21 16:01:54 -0300
Processing by MainController#index as HTML
  Rendering main/index.html.erb within layouts/application
  Rendered main/index.html.erb within layouts/application (0.4ms)
Completed 200 OK in 17ms (Views: 14.2ms)


Started GET "/" for 127.0.0.1 at 2017-09-21 16:01:55 -0300
Processing by MainController#index as HTML
  Rendering main/index.html.erb within layouts/application
  Rendered main/index.html.erb within layouts/application (0.4ms)
Completed 200 OK in 16ms (Views: 13.6ms)


Started GET "/" for 127.0.0.1 at 2017-09-21 16:01:56 -0300
Processing by MainController#index as HTML
  Rendering main/index.html.erb within layouts/application
  Rendered main/index.html.erb within layouts/application (0.4ms)
Completed 200 OK in 16ms (Views: 11.9ms)


Started GET "/" for 127.0.0.1 at 2017-09-21 16:01:57 -0300
Processing by MainController#index as HTML
  Rendering main/index.html.erb within layouts/application
  Rendered main/index.html.erb within layouts/application (0.5ms)
Completed 200 OK in 15ms (Views: 11.1ms)


Started GET "/" for 127.0.0.1 at 2017-09-21 16:01:58 -0300
Processing by MainController#index as HTML
  Rendering main/index.html.erb within layouts/application
  Rendered main/index.html.erb within layouts/application (0.4ms)
Completed 200 OK in 16ms (Views: 13.2ms)


Started GET "/" for 127.0.0.1 at 2017-09-21 16:01:59 -0300
Processing by MainController#index as HTML
  Rendering main/index.html.erb within layouts/application
  Rendered main/index.html.erb within layouts/application (0.4ms)
Completed 200 OK in 36ms (Views: 33.3ms)


Started GET "/" for 127.0.0.1 at 2017-09-21 16:02:00 -0300
Processing by MainController#index as HTML
  Rendering main/index.html.erb within layouts/application
  Rendered main/index.html.erb within layouts/application (0.4ms)
Completed 200 OK in 17ms (Views: 12.8ms)


Started GET "/" for 127.0.0.1 at 2017-09-21 16:02:01 -0300
Processing by MainController#index as HTML
  Rendering main/index.html.erb within layouts/application
  Rendered main/index.html.erb within layouts/application (0.5ms)
Completed 200 OK in 19ms (Views: 16.2ms)


Started GET "/" for 127.0.0.1 at 2017-09-21 16:02:02 -0300
Processing by MainController#index as HTML
  Rendering main/index.html.erb within layouts/application
  Rendered main/index.html.erb within layouts/application (0.4ms)
Completed 200 OK in 18ms (Views: 14.7ms)


Started GET "/" for 127.0.0.1 at 2017-09-21 16:02:03 -0300
Processing by MainController#index as HTML
  Rendering main/index.html.erb within layouts/application
  Rendered main/index.html.erb within layouts/application (0.5ms)
Completed 200 OK in 19ms (Views: 15.4ms)


Started GET "/" for 127.0.0.1 at 2017-09-21 16:02:04 -0300
Processing by MainController#index as HTML
  Rendering main/index.html.erb within layouts/application
  Rendered main/index.html.erb within layouts/application (0.5ms)
Completed 200 OK in 18ms (Views: 15.3ms)


Started GET "/" for 127.0.0.1 at 2017-09-21 16:02:05 -0300
Processing by MainController#index as HTML
  Rendering main/index.html.erb within layouts/application
  Rendered main/index.html.erb within layouts/application (0.5ms)
Completed 200 OK in 18ms (Views: 15.0ms)


Started GET "/" for 127.0.0.1 at 2017-09-21 16:02:06 -0300
Processing by MainController#index as HTML
  Rendering main/index.html.erb within layouts/application
  Rendered main/index.html.erb within layouts/application (0.5ms)
Completed 200 OK in 21ms (Views: 17.1ms)


Started GET "/" for 127.0.0.1 at 2017-09-21 16:02:07 -0300
Processing by MainController#index as HTML
  Rendering main/index.html.erb within layouts/application
  Rendered main/index.html.erb within layouts/application (0.4ms)
Completed 200 OK in 25ms (Views: 21.7ms)


Started GET "/" for 127.0.0.1 at 2017-09-21 16:02:08 -0300
Processing by MainController#index as HTML
  Rendering main/index.html.erb within layouts/application
  Rendered main/index.html.erb within layouts/application (0.4ms)
Completed 200 OK in 20ms (Views: 17.1ms)


Started GET "/" for 127.0.0.1 at 2017-09-21 16:02:09 -0300
Processing by MainController#index as HTML
  Rendering main/index.html.erb within layouts/application
  Rendered main/index.html.erb within layouts/application (0.6ms)
Completed 200 OK in 22ms (Views: 18.3ms)


Started GET "/" for 127.0.0.1 at 2017-09-21 16:02:11 -0300
Processing by MainController#index as HTML
  Rendering main/index.html.erb within layouts/application
  Rendered main/index.html.erb within layouts/application (0.4ms)
Completed 200 OK in 22ms (Views: 18.3ms)


Started GET "/" for 127.0.0.1 at 2017-09-21 16:02:12 -0300
Processing by MainController#index as HTML
  Rendering main/index.html.erb within layouts/application
  Rendered main/index.html.erb within layouts/application (0.7ms)
Completed 200 OK in 20ms (Views: 17.6ms)


Started GET "/" for 127.0.0.1 at 2017-09-21 16:02:13 -0300
Processing by MainController#index as HTML
  Rendering main/index.html.erb within layouts/application
  Rendered main/index.html.erb within layouts/application (0.3ms)
Completed 200 OK in 24ms (Views: 19.5ms)


Started GET "/" for 127.0.0.1 at 2017-09-21 16:02:14 -0300
Processing by MainController#index as HTML
  Rendering main/index.html.erb within layouts/application
  Rendered main/index.html.erb within layouts/application (0.6ms)
Completed 200 OK in 20ms (Views: 16.3ms)


Started GET "/" for 127.0.0.1 at 2017-09-21 16:02:15 -0300
Processing by MainController#index as HTML
  Rendering main/index.html.erb within layouts/application
  Rendered main/index.html.erb within layouts/application (0.4ms)
Completed 200 OK in 34ms (Views: 31.0ms)


Started GET "/" for 127.0.0.1 at 2017-09-21 16:02:16 -0300
Processing by MainController#index as HTML
  Rendering main/index.html.erb within layouts/application
  Rendered main/index.html.erb within layouts/application (0.6ms)
Completed 200 OK in 18ms (Views: 14.8ms)


Started GET "/" for 127.0.0.1 at 2017-09-21 16:02:17 -0300
Processing by MainController#index as HTML
  Rendering main/index.html.erb within layouts/application
  Rendered main/index.html.erb within layouts/application (0.4ms)
Completed 200 OK in 16ms (Views: 11.9ms)


Started GET "/" for 127.0.0.1 at 2017-09-21 16:02:18 -0300
Processing by MainController#index as HTML
  Rendering main/index.html.erb within layouts/application
  Rendered main/index.html.erb within layouts/application (0.5ms)
Completed 200 OK in 15ms (Views: 12.4ms)


Started GET "/" for 127.0.0.1 at 2017-09-21 16:02:19 -0300
Processing by MainController#index as HTML
  Rendering main/index.html.erb within layouts/application
  Rendered main/index.html.erb within layouts/application (0.4ms)
Completed 200 OK in 17ms (Views: 13.9ms)


Started GET "/" for 127.0.0.1 at 2017-09-21 16:02:20 -0300
Processing by MainController#index as HTML
  Rendering main/index.html.erb within layouts/application
  Rendered main/index.html.erb within layouts/application (0.4ms)
Completed 200 OK in 17ms (Views: 13.9ms)


Started GET "/" for 127.0.0.1 at 2017-09-21 16:02:21 -0300
Processing by MainController#index as HTML
  Rendering main/index.html.erb within layouts/application
  Rendered main/index.html.erb within layouts/application (0.4ms)
Completed 200 OK in 17ms (Views: 13.9ms)


Started GET "/" for 127.0.0.1 at 2017-09-21 16:02:22 -0300
Processing by MainController#index as HTML
  Rendering main/index.html.erb within layouts/application
  Rendered main/index.html.erb within layouts/application (0.4ms)
Completed 200 OK in 17ms (Views: 14.0ms)


Started GET "/" for 127.0.0.1 at 2017-09-21 16:02:23 -0300
Processing by MainController#index as HTML
  Rendering main/index.html.erb within layouts/application
  Rendered main/index.html.erb within layouts/application (0.5ms)
Completed 200 OK in 18ms (Views: 15.4ms)


Started GET "/" for 127.0.0.1 at 2017-09-27 12:57:36 -0300
Processing by MainController#index as HTML
  Rendering main/index.html.erb within layouts/application
  Rendered main/index.html.erb within layouts/application (1.3ms)
Completed 200 OK in 444ms (Views: 207.2ms)


Started GET "/" for 127.0.0.1 at 2017-09-27 12:57:38 -0300
Processing by MainController#index as HTML
  Rendering main/index.html.erb within layouts/application
  Rendered main/index.html.erb within layouts/application (0.4ms)
Completed 200 OK in 21ms (Views: 18.1ms)


Started GET "/" for 127.0.0.1 at 2017-09-27 12:57:39 -0300
Processing by MainController#index as HTML
  Rendering main/index.html.erb within layouts/application
  Rendered main/index.html.erb within layouts/application (0.7ms)
Completed 200 OK in 25ms (Views: 21.8ms)


Started GET "/" for 127.0.0.1 at 2017-09-27 12:57:41 -0300
Processing by MainController#index as HTML
  Rendering main/index.html.erb within layouts/application
  Rendered main/index.html.erb within layouts/application (0.4ms)
Completed 200 OK in 15ms (Views: 12.4ms)


Started GET "/" for 127.0.0.1 at 2017-09-27 12:57:42 -0300
Processing by MainController#index as HTML
  Rendering main/index.html.erb within layouts/application
  Rendered main/index.html.erb within layouts/application (1.4ms)
Completed 200 OK in 25ms (Views: 21.7ms)


Started GET "/" for 127.0.0.1 at 2017-09-27 12:57:44 -0300
Processing by MainController#index as HTML
  Rendering main/index.html.erb within layouts/application
  Rendered main/index.html.erb within layouts/application (0.4ms)
Completed 200 OK in 14ms (Views: 12.1ms)


Started GET "/" for 127.0.0.1 at 2017-09-27 12:57:45 -0300
Processing by MainController#index as HTML
  Rendering main/index.html.erb within layouts/application
  Rendered main/index.html.erb within layouts/application (0.6ms)
Completed 200 OK in 27ms (Views: 20.9ms)


Started GET "/" for 127.0.0.1 at 2017-09-27 12:57:46 -0300
Processing by MainController#index as HTML
  Rendering main/index.html.erb within layouts/application
  Rendered main/index.html.erb within layouts/application (1.2ms)
Completed 200 OK in 23ms (Views: 19.8ms)


Started GET "/" for 127.0.0.1 at 2017-09-27 12:57:47 -0300
Processing by MainController#index as HTML
  Rendering main/index.html.erb within layouts/application
  Rendered main/index.html.erb within layouts/application (0.4ms)
Completed 200 OK in 13ms (Views: 11.2ms)


Started GET "/" for 127.0.0.1 at 2017-09-27 12:57:48 -0300
Processing by MainController#index as HTML
  Rendering main/index.html.erb within layouts/application
  Rendered main/index.html.erb within layouts/application (0.8ms)
Completed 200 OK in 26ms (Views: 17.2ms)


Started GET "/" for 127.0.0.1 at 2017-09-27 12:57:49 -0300
Processing by MainController#index as HTML
  Rendering main/index.html.erb within layouts/application
  Rendered main/index.html.erb within layouts/application (0.5ms)
Completed 200 OK in 16ms (Views: 11.6ms)


Started GET "/" for 127.0.0.1 at 2017-09-27 12:57:50 -0300
Processing by MainController#index as HTML
  Rendering main/index.html.erb within layouts/application
  Rendered main/index.html.erb within layouts/application (1.7ms)
Completed 200 OK in 34ms (Views: 24.5ms)


Started GET "/" for 127.0.0.1 at 2017-09-27 12:57:52 -0300
Processing by MainController#index as HTML
  Rendering main/index.html.erb within layouts/application
  Rendered main/index.html.erb within layouts/application (0.7ms)
Completed 200 OK in 25ms (Views: 22.7ms)


Started GET "/" for 127.0.0.1 at 2017-09-27 12:57:54 -0300
Processing by MainController#index as HTML
  Rendering main/index.html.erb within layouts/application
  Rendered main/index.html.erb within layouts/application (0.4ms)
Completed 200 OK in 15ms (Views: 12.3ms)


Started GET "/" for 127.0.0.1 at 2017-09-27 12:57:55 -0300
Processing by MainController#index as HTML
  Rendering main/index.html.erb within layouts/application
  Rendered main/index.html.erb within layouts/application (0.3ms)
Completed 200 OK in 21ms (Views: 17.7ms)


Started GET "/" for 127.0.0.1 at 2017-09-27 12:57:56 -0300
Processing by MainController#index as HTML
  Rendering main/index.html.erb within layouts/application
  Rendered main/index.html.erb within layouts/application (1.2ms)
Completed 200 OK in 23ms (Views: 19.8ms)


Started GET "/" for 127.0.0.1 at 2017-09-27 12:57:57 -0300
Processing by MainController#index as HTML
  Rendering main/index.html.erb within layouts/application
  Rendered main/index.html.erb within layouts/application (1.2ms)
Completed 200 OK in 24ms (Views: 20.9ms)


Started GET "/" for 127.0.0.1 at 2017-09-27 12:57:58 -0300
Processing by MainController#index as HTML
  Rendering main/index.html.erb within layouts/application
  Rendered main/index.html.erb within layouts/application (0.6ms)
Completed 200 OK in 31ms (Views: 13.4ms)


Started GET "/" for 127.0.0.1 at 2017-09-27 12:57:59 -0300
Processing by MainController#index as HTML
  Rendering main/index.html.erb within layouts/application
  Rendered main/index.html.erb within layouts/application (0.4ms)
Completed 200 OK in 15ms (Views: 12.9ms)


Started GET "/" for 127.0.0.1 at 2017-09-27 12:58:01 -0300
Processing by MainController#index as HTML
  Rendering main/index.html.erb within layouts/application
  Rendered main/index.html.erb within layouts/application (0.4ms)
Completed 200 OK in 15ms (Views: 12.8ms)


Started GET "/" for 127.0.0.1 at 2017-09-27 12:58:04 -0300
Processing by MainController#index as HTML
  Rendering main/index.html.erb within layouts/application
  Rendered main/index.html.erb within layouts/application (0.4ms)
Completed 200 OK in 15ms (Views: 12.6ms)


Started GET "/" for 127.0.0.1 at 2017-09-27 12:58:05 -0300
Processing by MainController#index as HTML
  Rendering main/index.html.erb within layouts/application
  Rendered main/index.html.erb within layouts/application (1.1ms)
Completed 200 OK in 23ms (Views: 19.5ms)


Started GET "/" for 127.0.0.1 at 2017-09-27 12:58:06 -0300
Processing by MainController#index as HTML
  Rendering main/index.html.erb within layouts/application
  Rendered main/index.html.erb within layouts/application (0.9ms)
Completed 200 OK in 27ms (Views: 23.9ms)


Started GET "/" for 127.0.0.1 at 2017-09-27 12:58:07 -0300
Processing by MainController#index as HTML
  Rendering main/index.html.erb within layouts/application
  Rendered main/index.html.erb within layouts/application (1.4ms)
Completed 200 OK in 25ms (Views: 20.8ms)


Started GET "/" for 127.0.0.1 at 2017-09-27 12:58:08 -0300
Processing by MainController#index as HTML
  Rendering main/index.html.erb within layouts/application
  Rendered main/index.html.erb within layouts/application (1.1ms)
Completed 200 OK in 22ms (Views: 19.5ms)


Started GET "/" for 127.0.0.1 at 2017-09-27 12:58:10 -0300
Processing by MainController#index as HTML
  Rendering main/index.html.erb within layouts/application
  Rendered main/index.html.erb within layouts/application (0.4ms)
Completed 200 OK in 15ms (Views: 13.2ms)


Started GET "/" for 127.0.0.1 at 2017-09-27 12:58:11 -0300
Processing by MainController#index as HTML
  Rendering main/index.html.erb within layouts/application
  Rendered main/index.html.erb within layouts/application (1.4ms)
Completed 200 OK in 24ms (Views: 21.1ms)


Started GET "/" for 127.0.0.1 at 2017-09-27 12:58:12 -0300
Processing by MainController#index as HTML
  Rendering main/index.html.erb within layouts/application
  Rendered main/index.html.erb within layouts/application (1.3ms)
Completed 200 OK in 24ms (Views: 20.8ms)


Started GET "/" for 127.0.0.1 at 2017-09-27 12:58:13 -0300
Processing by MainController#index as HTML
  Rendering main/index.html.erb within layouts/application
  Rendered main/index.html.erb within layouts/application (1.2ms)
Completed 200 OK in 23ms (Views: 20.4ms)


Started GET "/" for 127.0.0.1 at 2017-09-27 12:58:14 -0300
Processing by MainController#index as HTML
  Rendering main/index.html.erb within layouts/application
  Rendered main/index.html.erb within layouts/application (1.1ms)
Completed 200 OK in 25ms (Views: 22.3ms)


Started GET "/" for 127.0.0.1 at 2017-09-27 12:58:16 -0300
Processing by MainController#index as HTML
  Rendering main/index.html.erb within layouts/application
  Rendered main/index.html.erb within layouts/application (0.4ms)
Completed 200 OK in 23ms (Views: 20.5ms)


Started GET "/" for 127.0.0.1 at 2017-09-27 12:58:18 -0300
Processing by MainController#index as HTML
  Rendering main/index.html.erb within layouts/application
  Rendered main/index.html.erb within layouts/application (0.4ms)
Completed 200 OK in 16ms (Views: 13.1ms)


Started GET "/" for 127.0.0.1 at 2017-09-27 12:58:19 -0300
Processing by MainController#index as HTML
  Rendering main/index.html.erb within layouts/application
  Rendered main/index.html.erb within layouts/application (1.3ms)
Completed 200 OK in 25ms (Views: 22.5ms)


Started GET "/" for 127.0.0.1 at 2017-09-27 12:58:20 -0300
Processing by MainController#index as HTML
  Rendering main/index.html.erb within layouts/application
  Rendered main/index.html.erb within layouts/application (0.9ms)
Completed 200 OK in 27ms (Views: 24.1ms)


Started GET "/" for 127.0.0.1 at 2017-09-27 12:58:21 -0300
Processing by MainController#index as HTML
  Rendering main/index.html.erb within layouts/application
  Rendered main/index.html.erb within layouts/application (1.0ms)
Completed 200 OK in 28ms (Views: 25.1ms)


Started GET "/" for 127.0.0.1 at 2017-09-27 12:58:22 -0300
Processing by MainController#index as HTML
  Rendering main/index.html.erb within layouts/application
  Rendered main/index.html.erb within layouts/application (1.1ms)
Completed 200 OK in 34ms (Views: 31.2ms)


Started GET "/" for 127.0.0.1 at 2017-09-27 12:58:23 -0300
Processing by MainController#index as HTML
  Rendering main/index.html.erb within layouts/application
  Rendered main/index.html.erb within layouts/application (1.1ms)
Completed 200 OK in 24ms (Views: 20.7ms)


Started GET "/" for 127.0.0.1 at 2017-09-27 12:58:24 -0300
Processing by MainController#index as HTML
  Rendering main/index.html.erb within layouts/application
  Rendered main/index.html.erb within layouts/application (0.4ms)
Completed 200 OK in 15ms (Views: 13.0ms)


Started GET "/" for 127.0.0.1 at 2017-09-27 12:58:25 -0300
Processing by MainController#index as HTML
  Rendering main/index.html.erb within layouts/application
  Rendered main/index.html.erb within layouts/application (1.6ms)
Completed 200 OK in 23ms (Views: 20.2ms)


Started GET "/" for 127.0.0.1 at 2017-09-27 12:58:26 -0300
Processing by MainController#index as HTML
  Rendering main/index.html.erb within layouts/application
  Rendered main/index.html.erb within layouts/application (0.8ms)
Completed 200 OK in 24ms (Views: 20.5ms)


Started GET "/" for 127.0.0.1 at 2017-09-27 12:58:29 -0300
Processing by MainController#index as HTML
  Rendering main/index.html.erb within layouts/application
  Rendered main/index.html.erb within layouts/application (0.4ms)
Completed 200 OK in 15ms (Views: 12.8ms)


Started GET "/" for 127.0.0.1 at 2017-09-27 12:58:30 -0300
Processing by MainController#index as HTML
  Rendering main/index.html.erb within layouts/application
  Rendered main/index.html.erb within layouts/application (1.3ms)
Completed 200 OK in 22ms (Views: 19.5ms)


Started GET "/" for 127.0.0.1 at 2017-09-27 12:58:31 -0300
Processing by MainController#index as HTML
  Rendering main/index.html.erb within layouts/application
  Rendered main/index.html.erb within layouts/application (0.7ms)
Completed 200 OK in 24ms (Views: 20.7ms)


Started GET "/" for 127.0.0.1 at 2017-09-27 12:58:33 -0300
Processing by MainController#index as HTML
  Rendering main/index.html.erb within layouts/application
  Rendered main/index.html.erb within layouts/application (0.4ms)
Completed 200 OK in 14ms (Views: 12.1ms)


Started GET "/" for 127.0.0.1 at 2017-09-27 12:58:34 -0300
Processing by MainController#index as HTML
  Rendering main/index.html.erb within layouts/application
  Rendered main/index.html.erb within layouts/application (1.1ms)
Completed 200 OK in 23ms (Views: 20.3ms)


Started GET "/" for 127.0.0.1 at 2017-09-27 12:58:35 -0300
Processing by MainController#index as HTML
  Rendering main/index.html.erb within layouts/application
  Rendered main/index.html.erb within layouts/application (1.3ms)
Completed 200 OK in 23ms (Views: 20.1ms)


Started GET "/" for 127.0.0.1 at 2017-09-27 12:58:36 -0300
Processing by MainController#index as HTML
  Rendering main/index.html.erb within layouts/application
  Rendered main/index.html.erb within layouts/application (1.2ms)
Completed 200 OK in 22ms (Views: 18.9ms)


Started GET "/" for 127.0.0.1 at 2017-09-27 12:58:37 -0300
Processing by MainController#index as HTML
  Rendering main/index.html.erb within layouts/application
  Rendered main/index.html.erb within layouts/application (0.9ms)
Completed 200 OK in 25ms (Views: 22.0ms)


Started GET "/" for 127.0.0.1 at 2017-09-27 12:58:38 -0300
Processing by MainController#index as HTML
  Rendering main/index.html.erb within layouts/application
  Rendered main/index.html.erb within layouts/application (0.5ms)
Completed 200 OK in 20ms (Views: 15.7ms)


Started GET "/" for 127.0.0.1 at 2017-09-27 12:58:40 -0300
Processing by MainController#index as HTML
  Rendering main/index.html.erb within layouts/application
  Rendered main/index.html.erb within layouts/application (1.0ms)
Completed 200 OK in 31ms (Views: 27.2ms)


Started GET "/" for 127.0.0.1 at 2017-09-27 12:58:41 -0300
Processing by MainController#index as HTML
  Rendering main/index.html.erb within layouts/application
  Rendered main/index.html.erb within layouts/application (1.5ms)
Completed 200 OK in 26ms (Views: 21.4ms)


Started GET "/" for 127.0.0.1 at 2017-09-27 12:58:44 -0300
Processing by MainController#index as HTML
  Rendering main/index.html.erb within layouts/application
  Rendered main/index.html.erb within layouts/application (0.4ms)
Completed 200 OK in 15ms (Views: 12.3ms)


Started GET "/" for 127.0.0.1 at 2017-09-27 12:58:45 -0300
Processing by MainController#index as HTML
  Rendering main/index.html.erb within layouts/application
  Rendered main/index.html.erb within layouts/application (1.2ms)
Completed 200 OK in 24ms (Views: 20.8ms)


Started GET "/" for 127.0.0.1 at 2017-09-27 12:58:46 -0300
Processing by MainController#index as HTML
  Rendering main/index.html.erb within layouts/application
  Rendered main/index.html.erb within layouts/application (0.8ms)
Completed 200 OK in 24ms (Views: 20.3ms)


Started GET "/" for 127.0.0.1 at 2017-09-27 12:58:48 -0300
Processing by MainController#index as HTML
  Rendering main/index.html.erb within layouts/application
  Rendered main/index.html.erb within layouts/application (0.5ms)
Completed 200 OK in 20ms (Views: 17.7ms)


Started GET "/" for 127.0.0.1 at 2017-09-27 12:58:49 -0300
Processing by MainController#index as HTML
  Rendering main/index.html.erb within layouts/application
  Rendered main/index.html.erb within layouts/application (0.8ms)
Completed 200 OK in 28ms (Views: 24.3ms)


Started GET "/" for 127.0.0.1 at 2017-09-27 12:58:50 -0300
Processing by MainController#index as HTML
  Rendering main/index.html.erb within layouts/application
  Rendered main/index.html.erb within layouts/application (1.1ms)
Completed 200 OK in 22ms (Views: 18.8ms)


Started GET "/" for 127.0.0.1 at 2017-09-27 12:58:52 -0300
Processing by MainController#index as HTML
  Rendering main/index.html.erb within layouts/application
  Rendered main/index.html.erb within layouts/application (0.5ms)
Completed 200 OK in 15ms (Views: 13.0ms)


Started GET "/" for 127.0.0.1 at 2017-09-27 12:58:53 -0300
Processing by MainController#index as HTML
  Rendering main/index.html.erb within layouts/application
  Rendered main/index.html.erb within layouts/application (1.0ms)
Completed 200 OK in 20ms (Views: 17.3ms)


Started GET "/" for 127.0.0.1 at 2017-09-27 12:58:54 -0300
Processing by MainController#index as HTML
  Rendering main/index.html.erb within layouts/application
  Rendered main/index.html.erb within layouts/application (1.4ms)
Completed 200 OK in 25ms (Views: 22.1ms)


Started GET "/" for 127.0.0.1 at 2017-09-27 12:58:56 -0300
Processing by MainController#index as HTML
  Rendering main/index.html.erb within layouts/application
  Rendered main/index.html.erb within layouts/application (1.3ms)
Completed 200 OK in 24ms (Views: 21.0ms)


Started GET "/" for 127.0.0.1 at 2017-09-27 12:58:57 -0300
Processing by MainController#index as HTML
  Rendering main/index.html.erb within layouts/application
  Rendered main/index.html.erb within layouts/application (1.1ms)
Completed 200 OK in 23ms (Views: 19.9ms)


Started GET "/" for 127.0.0.1 at 2017-09-27 12:58:58 -0300
Processing by MainController#index as HTML
  Rendering main/index.html.erb within layouts/application
  Rendered main/index.html.erb within layouts/application (1.4ms)
Completed 200 OK in 24ms (Views: 20.8ms)


Started GET "/" for 127.0.0.1 at 2017-09-27 12:59:00 -0300
Processing by MainController#index as HTML
  Rendering main/index.html.erb within layouts/application
  Rendered main/index.html.erb within layouts/application (0.5ms)
Completed 200 OK in 15ms (Views: 12.3ms)


Started GET "/" for 127.0.0.1 at 2017-09-27 12:59:02 -0300
Processing by MainController#index as HTML
  Rendering main/index.html.erb within layouts/application
  Rendered main/index.html.erb within layouts/application (0.4ms)
Completed 200 OK in 15ms (Views: 12.7ms)


Started GET "/" for 127.0.0.1 at 2017-09-27 12:59:03 -0300
Processing by MainController#index as HTML
  Rendering main/index.html.erb within layouts/application
  Rendered main/index.html.erb within layouts/application (1.3ms)
Completed 200 OK in 21ms (Views: 17.5ms)


Started GET "/" for 127.0.0.1 at 2017-09-27 12:59:04 -0300
Processing by MainController#index as HTML
  Rendering main/index.html.erb within layouts/application
  Rendered main/index.html.erb within layouts/application (1.1ms)
Completed 200 OK in 23ms (Views: 20.0ms)


Started GET "/" for 127.0.0.1 at 2017-09-27 12:59:05 -0300
Processing by MainController#index as HTML
  Rendering main/index.html.erb within layouts/application
  Rendered main/index.html.erb within layouts/application (1.3ms)
Completed 200 OK in 25ms (Views: 22.4ms)


Started GET "/" for 127.0.0.1 at 2017-09-27 12:59:06 -0300
Processing by MainController#index as HTML
  Rendering main/index.html.erb within layouts/application
  Rendered main/index.html.erb within layouts/application (0.9ms)
Completed 200 OK in 26ms (Views: 22.3ms)


Started GET "/" for 127.0.0.1 at 2017-09-27 12:59:07 -0300
Processing by MainController#index as HTML
  Rendering main/index.html.erb within layouts/application
  Rendered main/index.html.erb within layouts/application (1.1ms)
Completed 200 OK in 24ms (Views: 21.1ms)


Started GET "/" for 127.0.0.1 at 2017-09-27 12:59:08 -0300
Processing by MainController#index as HTML
  Rendering main/index.html.erb within layouts/application
  Rendered main/index.html.erb within layouts/application (1.4ms)
Completed 200 OK in 24ms (Views: 20.9ms)


Started GET "/" for 127.0.0.1 at 2017-09-27 12:59:09 -0300
Processing by MainController#index as HTML
  Rendering main/index.html.erb within layouts/application
  Rendered main/index.html.erb within layouts/application (0.4ms)
Completed 200 OK in 16ms (Views: 13.8ms)


Started GET "/" for 127.0.0.1 at 2017-09-27 12:59:10 -0300
Processing by MainController#index as HTML
  Rendering main/index.html.erb within layouts/application
  Rendered main/index.html.erb within layouts/application (1.4ms)
Completed 200 OK in 35ms (Views: 32.0ms)


Started GET "/" for 127.0.0.1 at 2017-09-27 12:59:12 -0300
Processing by MainController#index as HTML
  Rendering main/index.html.erb within layouts/application
  Rendered main/index.html.erb within layouts/application (0.5ms)
Completed 200 OK in 15ms (Views: 12.7ms)


Started GET "/" for 127.0.0.1 at 2017-09-27 12:59:13 -0300
Processing by MainController#index as HTML
  Rendering main/index.html.erb within layouts/application
  Rendered main/index.html.erb within layouts/application (1.0ms)
Completed 200 OK in 22ms (Views: 19.4ms)


Started GET "/" for 127.0.0.1 at 2017-09-27 12:59:14 -0300
Processing by MainController#index as HTML
  Rendering main/index.html.erb within layouts/application
  Rendered main/index.html.erb within layouts/application (1.1ms)
Completed 200 OK in 26ms (Views: 23.0ms)


Started GET "/" for 127.0.0.1 at 2017-09-27 12:59:15 -0300
Processing by MainController#index as HTML
  Rendering main/index.html.erb within layouts/application
  Rendered main/index.html.erb within layouts/application (1.0ms)
Completed 200 OK in 24ms (Views: 20.8ms)


Started GET "/" for 127.0.0.1 at 2017-09-27 12:59:16 -0300
Processing by MainController#index as HTML
  Rendering main/index.html.erb within layouts/application
  Rendered main/index.html.erb within layouts/application (2.3ms)
Completed 200 OK in 25ms (Views: 22.4ms)


Started GET "/" for 127.0.0.1 at 2017-09-27 12:59:18 -0300
Processing by MainController#index as HTML
  Rendering main/index.html.erb within layouts/application
  Rendered main/index.html.erb within layouts/application (1.6ms)
Completed 200 OK in 23ms (Views: 19.9ms)


Started GET "/" for 127.0.0.1 at 2017-09-27 12:59:19 -0300
Processing by MainController#index as HTML
  Rendering main/index.html.erb within layouts/application
  Rendered main/index.html.erb within layouts/application (1.3ms)
Completed 200 OK in 24ms (Views: 20.6ms)


Started GET "/" for 127.0.0.1 at 2017-09-27 12:59:20 -0300
Processing by MainController#index as HTML
  Rendering main/index.html.erb within layouts/application
  Rendered main/index.html.erb within layouts/application (0.5ms)
Completed 200 OK in 15ms (Views: 12.6ms)


Started GET "/" for 127.0.0.1 at 2017-09-27 12:59:21 -0300
Processing by MainController#index as HTML
  Rendering main/index.html.erb within layouts/application
  Rendered main/index.html.erb within layouts/application (1.2ms)
Completed 200 OK in 23ms (Views: 20.6ms)


Started GET "/" for 127.0.0.1 at 2017-09-27 12:59:23 -0300
Processing by MainController#index as HTML
  Rendering main/index.html.erb within layouts/application
  Rendered main/index.html.erb within layouts/application (0.4ms)
Completed 200 OK in 15ms (Views: 12.5ms)


Started GET "/" for 127.0.0.1 at 2017-09-27 12:59:24 -0300
Processing by MainController#index as HTML
  Rendering main/index.html.erb within layouts/application
  Rendered main/index.html.erb within layouts/application (1.1ms)
Completed 200 OK in 24ms (Views: 21.6ms)


Started GET "/" for 127.0.0.1 at 2017-09-27 12:59:26 -0300
Processing by MainController#index as HTML
  Rendering main/index.html.erb within layouts/application
  Rendered main/index.html.erb within layouts/application (0.4ms)
Completed 200 OK in 15ms (Views: 13.3ms)


Started GET "/" for 127.0.0.1 at 2017-09-27 12:59:27 -0300
Processing by MainController#index as HTML
  Rendering main/index.html.erb within layouts/application
  Rendered main/index.html.erb within layouts/application (1.1ms)
Completed 200 OK in 23ms (Views: 20.0ms)


Started GET "/" for 127.0.0.1 at 2017-09-27 12:59:30 -0300
Processing by MainController#index as HTML
  Rendering main/index.html.erb within layouts/application
  Rendered main/index.html.erb within layouts/application (0.4ms)
Completed 200 OK in 15ms (Views: 12.5ms)


Started GET "/" for 127.0.0.1 at 2017-09-27 12:59:33 -0300
Processing by MainController#index as HTML
  Rendering main/index.html.erb within layouts/application
  Rendered main/index.html.erb within layouts/application (0.4ms)
Completed 200 OK in 15ms (Views: 13.0ms)


Started GET "/" for 127.0.0.1 at 2017-09-27 12:59:34 -0300
Processing by MainController#index as HTML
  Rendering main/index.html.erb within layouts/application
  Rendered main/index.html.erb within layouts/application (0.9ms)
Completed 200 OK in 26ms (Views: 22.3ms)


Started GET "/" for 127.0.0.1 at 2017-09-27 12:59:35 -0300
Processing by MainController#index as HTML
  Rendering main/index.html.erb within layouts/application
  Rendered main/index.html.erb within layouts/application (1.0ms)
Completed 200 OK in 26ms (Views: 22.8ms)


Started GET "/" for 127.0.0.1 at 2017-09-27 12:59:37 -0300
Processing by MainController#index as HTML
  Rendering main/index.html.erb within layouts/application
  Rendered main/index.html.erb within layouts/application (0.5ms)
Completed 200 OK in 23ms (Views: 20.4ms)


Started GET "/" for 127.0.0.1 at 2017-09-27 12:59:38 -0300
Processing by MainController#index as HTML
  Rendering main/index.html.erb within layouts/application
  Rendered main/index.html.erb within layouts/application (1.3ms)
Completed 200 OK in 25ms (Views: 22.0ms)


Started GET "/" for 127.0.0.1 at 2017-09-27 12:59:39 -0300
Processing by MainController#index as HTML
  Rendering main/index.html.erb within layouts/application
  Rendered main/index.html.erb within layouts/application (1.0ms)
Completed 200 OK in 23ms (Views: 19.8ms)


Started GET "/" for 127.0.0.1 at 2017-09-27 12:59:40 -0300
Processing by MainController#index as HTML
  Rendering main/index.html.erb within layouts/application
  Rendered main/index.html.erb within layouts/application (1.1ms)
Completed 200 OK in 24ms (Views: 21.5ms)


Started GET "/" for 127.0.0.1 at 2017-09-27 12:59:41 -0300
Processing by MainController#index as HTML
  Rendering main/index.html.erb within layouts/application
  Rendered main/index.html.erb within layouts/application (1.5ms)
Completed 200 OK in 23ms (Views: 20.5ms)


Started GET "/" for 127.0.0.1 at 2017-09-27 12:59:42 -0300
Processing by MainController#index as HTML
  Rendering main/index.html.erb within layouts/application
  Rendered main/index.html.erb within layouts/application (1.1ms)
Completed 200 OK in 23ms (Views: 19.7ms)


Started GET "/" for 127.0.0.1 at 2017-09-27 12:59:43 -0300
Processing by MainController#index as HTML
  Rendering main/index.html.erb within layouts/application
  Rendered main/index.html.erb within layouts/application (1.2ms)
Completed 200 OK in 23ms (Views: 20.5ms)


Started GET "/" for 127.0.0.1 at 2017-09-27 12:59:46 -0300
Processing by MainController#index as HTML
  Rendering main/index.html.erb within layouts/application
  Rendered main/index.html.erb within layouts/application (0.5ms)
Completed 200 OK in 15ms (Views: 12.6ms)


Started GET "/" for 127.0.0.1 at 2017-09-27 12:59:47 -0300
Processing by MainController#index as HTML
  Rendering main/index.html.erb within layouts/application
  Rendered main/index.html.erb within layouts/application (1.0ms)
Completed 200 OK in 25ms (Views: 21.8ms)


Started GET "/" for 127.0.0.1 at 2017-09-27 12:59:48 -0300
Processing by MainController#index as HTML
  Rendering main/index.html.erb within layouts/application
  Rendered main/index.html.erb within layouts/application (1.2ms)
Completed 200 OK in 24ms (Views: 21.2ms)


Started GET "/" for 127.0.0.1 at 2017-09-27 12:59:49 -0300
Processing by MainController#index as HTML
  Rendering main/index.html.erb within layouts/application
  Rendered main/index.html.erb within layouts/application (0.7ms)
Completed 200 OK in 22ms (Views: 18.2ms)


Started GET "/" for 127.0.0.1 at 2017-09-27 12:59:50 -0300
Processing by MainController#index as HTML
  Rendering main/index.html.erb within layouts/application
  Rendered main/index.html.erb within layouts/application (0.8ms)
Completed 200 OK in 21ms (Views: 17.8ms)


Started GET "/" for 127.0.0.1 at 2017-09-27 12:59:51 -0300
Processing by MainController#index as HTML
  Rendering main/index.html.erb within layouts/application
  Rendered main/index.html.erb within layouts/application (1.2ms)
Completed 200 OK in 27ms (Views: 23.7ms)


Started GET "/" for 127.0.0.1 at 2017-09-27 12:59:52 -0300
Processing by MainController#index as HTML
  Rendering main/index.html.erb within layouts/application
  Rendered main/index.html.erb within layouts/application (0.5ms)
Completed 200 OK in 15ms (Views: 12.8ms)


Started GET "/" for 127.0.0.1 at 2017-09-27 12:59:53 -0300
Processing by MainController#index as HTML
  Rendering main/index.html.erb within layouts/application
  Rendered main/index.html.erb within layouts/application (1.2ms)
Completed 200 OK in 23ms (Views: 20.1ms)


Started GET "/" for 127.0.0.1 at 2017-09-27 12:59:55 -0300
Processing by MainController#index as HTML
  Rendering main/index.html.erb within layouts/application
  Rendered main/index.html.erb within layouts/application (0.8ms)
Completed 200 OK in 26ms (Views: 22.7ms)


Started GET "/" for 127.0.0.1 at 2017-09-27 12:59:56 -0300
Processing by MainController#index as HTML
  Rendering main/index.html.erb within layouts/application
  Rendered main/index.html.erb within layouts/application (1.1ms)
Completed 200 OK in 25ms (Views: 22.1ms)


Started GET "/" for 127.0.0.1 at 2017-09-27 12:59:57 -0300
Processing by MainController#index as HTML
  Rendering main/index.html.erb within layouts/application
  Rendered main/index.html.erb within layouts/application (1.1ms)
Completed 200 OK in 23ms (Views: 20.2ms)


Started GET "/" for 127.0.0.1 at 2017-09-27 12:59:58 -0300
Processing by MainController#index as HTML
  Rendering main/index.html.erb within layouts/application
  Rendered main/index.html.erb within layouts/application (1.1ms)
Completed 200 OK in 30ms (Views: 26.6ms)


Started GET "/" for 127.0.0.1 at 2017-09-27 12:59:59 -0300
Processing by MainController#index as HTML
  Rendering main/index.html.erb within layouts/application
  Rendered main/index.html.erb within layouts/application (1.0ms)
Completed 200 OK in 25ms (Views: 21.7ms)


Started GET "/" for 127.0.0.1 at 2017-09-27 13:00:00 -0300
Processing by MainController#index as HTML
  Rendering main/index.html.erb within layouts/application
  Rendered main/index.html.erb within layouts/application (0.5ms)
Completed 200 OK in 15ms (Views: 12.6ms)


Started GET "/" for 127.0.0.1 at 2017-09-27 13:00:01 -0300
Processing by MainController#index as HTML
  Rendering main/index.html.erb within layouts/application
  Rendered main/index.html.erb within layouts/application (1.2ms)
Completed 200 OK in 23ms (Views: 19.6ms)


Started GET "/" for 127.0.0.1 at 2017-09-27 13:00:02 -0300
Processing by MainController#index as HTML
  Rendering main/index.html.erb within layouts/application
  Rendered main/index.html.erb within layouts/application (0.9ms)
Completed 200 OK in 21ms (Views: 17.7ms)


Started GET "/" for 127.0.0.1 at 2017-09-27 13:00:04 -0300
Processing by MainController#index as HTML
  Rendering main/index.html.erb within layouts/application
  Rendered main/index.html.erb within layouts/application (0.6ms)
Completed 200 OK in 15ms (Views: 13.1ms)


Started GET "/" for 127.0.0.1 at 2017-09-27 13:00:05 -0300
Processing by MainController#index as HTML
  Rendering main/index.html.erb within layouts/application
  Rendered main/index.html.erb within layouts/application (1.0ms)
Completed 200 OK in 26ms (Views: 22.6ms)


Started GET "/" for 127.0.0.1 at 2017-09-27 13:00:06 -0300
Processing by MainController#index as HTML
  Rendering main/index.html.erb within layouts/application
  Rendered main/index.html.erb within layouts/application (1.2ms)
Completed 200 OK in 27ms (Views: 23.9ms)


Started GET "/" for 127.0.0.1 at 2017-09-27 13:00:07 -0300
Processing by MainController#index as HTML
  Rendering main/index.html.erb within layouts/application
  Rendered main/index.html.erb within layouts/application (0.9ms)
Completed 200 OK in 27ms (Views: 23.5ms)


Started GET "/" for 127.0.0.1 at 2017-09-27 13:00:08 -0300
Processing by MainController#index as HTML
  Rendering main/index.html.erb within layouts/application
  Rendered main/index.html.erb within layouts/application (0.9ms)
Completed 200 OK in 22ms (Views: 18.6ms)


Started GET "/" for 127.0.0.1 at 2017-09-27 13:00:09 -0300
Processing by MainController#index as HTML
  Rendering main/index.html.erb within layouts/application
  Rendered main/index.html.erb within layouts/application (1.3ms)
Completed 200 OK in 27ms (Views: 23.8ms)


Started GET "/" for 127.0.0.1 at 2017-09-27 13:00:12 -0300
Processing by MainController#index as HTML
  Rendering main/index.html.erb within layouts/application
  Rendered main/index.html.erb within layouts/application (0.4ms)
Completed 200 OK in 15ms (Views: 12.3ms)


Started GET "/" for 127.0.0.1 at 2017-09-27 13:00:13 -0300
Processing by MainController#index as HTML
  Rendering main/index.html.erb within layouts/application
  Rendered main/index.html.erb within layouts/application (1.1ms)
Completed 200 OK in 23ms (Views: 19.5ms)


Started GET "/" for 127.0.0.1 at 2017-09-27 13:00:14 -0300
Processing by MainController#index as HTML
  Rendering main/index.html.erb within layouts/application
  Rendered main/index.html.erb within layouts/application (1.1ms)
Completed 200 OK in 23ms (Views: 19.7ms)


Started GET "/" for 127.0.0.1 at 2017-09-27 13:00:15 -0300
Processing by MainController#index as HTML
  Rendering main/index.html.erb within layouts/application
  Rendered main/index.html.erb within layouts/application (0.9ms)
Completed 200 OK in 23ms (Views: 18.5ms)


Started GET "/" for 127.0.0.1 at 2017-09-27 13:00:16 -0300
Processing by MainController#index as HTML
  Rendering main/index.html.erb within layouts/application
  Rendered main/index.html.erb within layouts/application (0.9ms)
Completed 200 OK in 27ms (Views: 24.3ms)


Started GET "/" for 127.0.0.1 at 2017-09-27 13:00:17 -0300
Processing by MainController#index as HTML
  Rendering main/index.html.erb within layouts/application
  Rendered main/index.html.erb within layouts/application (1.2ms)
Completed 200 OK in 26ms (Views: 23.0ms)


Started GET "/" for 127.0.0.1 at 2017-09-27 13:00:20 -0300
Processing by MainController#index as HTML
  Rendering main/index.html.erb within layouts/application
  Rendered main/index.html.erb within layouts/application (0.5ms)
Completed 200 OK in 16ms (Views: 13.3ms)


Started GET "/" for 127.0.0.1 at 2017-09-27 13:00:21 -0300
Processing by MainController#index as HTML
  Rendering main/index.html.erb within layouts/application
  Rendered main/index.html.erb within layouts/application (1.4ms)
Completed 200 OK in 33ms (Views: 29.9ms)


Started GET "/" for 127.0.0.1 at 2017-09-27 13:00:22 -0300
Processing by MainController#index as HTML
  Rendering main/index.html.erb within layouts/application
  Rendered main/index.html.erb within layouts/application (1.1ms)
Completed 200 OK in 25ms (Views: 21.7ms)


Started GET "/" for 127.0.0.1 at 2017-09-27 13:00:23 -0300
Processing by MainController#index as HTML
  Rendering main/index.html.erb within layouts/application
  Rendered main/index.html.erb within layouts/application (1.1ms)
Completed 200 OK in 25ms (Views: 21.5ms)


Started GET "/" for 127.0.0.1 at 2017-09-27 13:00:24 -0300
Processing by MainController#index as HTML
  Rendering main/index.html.erb within layouts/application
  Rendered main/index.html.erb within layouts/application (0.4ms)
Completed 200 OK in 15ms (Views: 13.1ms)


Started GET "/" for 127.0.0.1 at 2017-09-27 13:00:27 -0300
Processing by MainController#index as HTML
  Rendering main/index.html.erb within layouts/application
  Rendered main/index.html.erb within layouts/application (0.5ms)
Completed 200 OK in 15ms (Views: 12.8ms)


Started GET "/" for 127.0.0.1 at 2017-09-27 13:00:28 -0300
Processing by MainController#index as HTML
  Rendering main/index.html.erb within layouts/application
  Rendered main/index.html.erb within layouts/application (1.1ms)
Completed 200 OK in 23ms (Views: 20.0ms)


Started GET "/" for 127.0.0.1 at 2017-09-27 13:00:29 -0300
Processing by MainController#index as HTML
  Rendering main/index.html.erb within layouts/application
  Rendered main/index.html.erb within layouts/application (0.5ms)
Completed 200 OK in 15ms (Views: 12.7ms)


Started GET "/" for 127.0.0.1 at 2017-09-27 13:00:30 -0300
Processing by MainController#index as HTML
  Rendering main/index.html.erb within layouts/application
  Rendered main/index.html.erb within layouts/application (0.5ms)
Completed 200 OK in 15ms (Views: 13.2ms)


Started GET "/" for 127.0.0.1 at 2017-09-27 13:00:31 -0300
Processing by MainController#index as HTML
  Rendering main/index.html.erb within layouts/application
  Rendered main/index.html.erb within layouts/application (2.0ms)
Completed 200 OK in 24ms (Views: 20.9ms)


Started GET "/" for 127.0.0.1 at 2017-09-27 13:00:34 -0300
Processing by MainController#index as HTML
  Rendering main/index.html.erb within layouts/application
  Rendered main/index.html.erb within layouts/application (0.5ms)
Completed 200 OK in 15ms (Views: 12.7ms)


Started GET "/" for 127.0.0.1 at 2017-09-27 13:00:35 -0300
Processing by MainController#index as HTML
  Rendering main/index.html.erb within layouts/application
  Rendered main/index.html.erb within layouts/application (0.8ms)
Completed 200 OK in 24ms (Views: 21.0ms)


Started GET "/" for 127.0.0.1 at 2017-09-27 13:00:38 -0300
Processing by MainController#index as HTML
  Rendering main/index.html.erb within layouts/application
  Rendered main/index.html.erb within layouts/application (0.4ms)
Completed 200 OK in 15ms (Views: 12.6ms)


Started GET "/" for 127.0.0.1 at 2017-09-27 13:00:39 -0300
Processing by MainController#index as HTML
  Rendering main/index.html.erb within layouts/application
  Rendered main/index.html.erb within layouts/application (1.3ms)
Completed 200 OK in 23ms (Views: 19.9ms)


Started GET "/" for 127.0.0.1 at 2017-09-27 13:00:40 -0300
Processing by MainController#index as HTML
  Rendering main/index.html.erb within layouts/application
  Rendered main/index.html.erb within layouts/application (0.6ms)
Completed 200 OK in 26ms (Views: 21.6ms)


Started GET "/" for 127.0.0.1 at 2017-09-27 13:00:41 -0300
Processing by MainController#index as HTML
  Rendering main/index.html.erb within layouts/application
  Rendered main/index.html.erb within layouts/application (0.9ms)
Completed 200 OK in 20ms (Views: 16.8ms)


Started GET "/" for 127.0.0.1 at 2017-09-27 13:00:42 -0300
Processing by MainController#index as HTML
  Rendering main/index.html.erb within layouts/application
  Rendered main/index.html.erb within layouts/application (1.2ms)
Completed 200 OK in 24ms (Views: 21.0ms)


Started GET "/" for 127.0.0.1 at 2017-09-27 13:00:43 -0300
Processing by MainController#index as HTML
  Rendering main/index.html.erb within layouts/application
  Rendered main/index.html.erb within layouts/application (1.8ms)
Completed 200 OK in 24ms (Views: 21.0ms)


Started GET "/" for 127.0.0.1 at 2017-09-27 13:00:44 -0300
Processing by MainController#index as HTML
  Rendering main/index.html.erb within layouts/application
  Rendered main/index.html.erb within layouts/application (1.1ms)
Completed 200 OK in 23ms (Views: 20.3ms)


Started GET "/" for 127.0.0.1 at 2017-09-27 13:00:45 -0300
Processing by MainController#index as HTML
  Rendering main/index.html.erb within layouts/application
  Rendered main/index.html.erb within layouts/application (1.1ms)
Completed 200 OK in 33ms (Views: 30.2ms)


Started GET "/" for 127.0.0.1 at 2017-09-27 13:00:46 -0300
Processing by MainController#index as HTML
  Rendering main/index.html.erb within layouts/application
  Rendered main/index.html.erb within layouts/application (1.2ms)
Completed 200 OK in 25ms (Views: 21.7ms)


Started GET "/" for 127.0.0.1 at 2017-09-27 13:00:49 -0300
Processing by MainController#index as HTML
  Rendering main/index.html.erb within layouts/application
  Rendered main/index.html.erb within layouts/application (0.5ms)
Completed 200 OK in 15ms (Views: 12.7ms)


Started GET "/" for 127.0.0.1 at 2017-09-27 13:00:50 -0300
Processing by MainController#index as HTML
  Rendering main/index.html.erb within layouts/application
  Rendered main/index.html.erb within layouts/application (1.1ms)
Completed 200 OK in 25ms (Views: 21.8ms)


Started GET "/" for 127.0.0.1 at 2017-09-27 13:00:51 -0300
Processing by MainController#index as HTML
  Rendering main/index.html.erb within layouts/application
  Rendered main/index.html.erb within layouts/application (0.4ms)
Completed 200 OK in 22ms (Views: 19.3ms)


Started GET "/" for 127.0.0.1 at 2017-09-27 13:00:54 -0300
Processing by MainController#index as HTML
  Rendering main/index.html.erb within layouts/application
  Rendered main/index.html.erb within layouts/application (0.4ms)
Completed 200 OK in 15ms (Views: 12.5ms)


Started GET "/" for 127.0.0.1 at 2017-09-27 13:00:56 -0300
Processing by MainController#index as HTML
  Rendering main/index.html.erb within layouts/application
  Rendered main/index.html.erb within layouts/application (0.4ms)
Completed 200 OK in 14ms (Views: 12.3ms)


Started GET "/" for 127.0.0.1 at 2017-09-27 13:00:58 -0300
Processing by MainController#index as HTML
  Rendering main/index.html.erb within layouts/application
  Rendered main/index.html.erb within layouts/application (1.2ms)
Completed 200 OK in 19ms (Views: 15.8ms)


Started GET "/" for 127.0.0.1 at 2017-09-27 13:01:00 -0300
Processing by MainController#index as HTML
  Rendering main/index.html.erb within layouts/application
  Rendered main/index.html.erb within layouts/application (0.4ms)
Completed 200 OK in 15ms (Views: 12.5ms)


Started GET "/" for 127.0.0.1 at 2017-09-27 13:01:01 -0300
Processing by MainController#index as HTML
  Rendering main/index.html.erb within layouts/application
  Rendered main/index.html.erb within layouts/application (0.9ms)
Completed 200 OK in 19ms (Views: 15.4ms)


Started GET "/" for 127.0.0.1 at 2017-09-27 13:01:02 -0300
Processing by MainController#index as HTML
  Rendering main/index.html.erb within layouts/application
  Rendered main/index.html.erb within layouts/application (1.5ms)
Completed 200 OK in 19ms (Views: 16.4ms)


Started GET "/" for 127.0.0.1 at 2017-09-27 13:01:03 -0300
Processing by MainController#index as HTML
  Rendering main/index.html.erb within layouts/application
  Rendered main/index.html.erb within layouts/application (1.0ms)
Completed 200 OK in 19ms (Views: 15.3ms)


Started GET "/" for 127.0.0.1 at 2017-09-27 13:01:04 -0300
Processing by MainController#index as HTML
  Rendering main/index.html.erb within layouts/application
  Rendered main/index.html.erb within layouts/application (1.0ms)
Completed 200 OK in 20ms (Views: 17.0ms)


Started GET "/" for 127.0.0.1 at 2017-09-27 13:01:05 -0300
Processing by MainController#index as HTML
  Rendering main/index.html.erb within layouts/application
  Rendered main/index.html.erb within layouts/application (0.7ms)
Completed 200 OK in 33ms (Views: 25.2ms)


Started GET "/" for 127.0.0.1 at 2017-09-27 13:01:06 -0300
Processing by MainController#index as HTML
  Rendering main/index.html.erb within layouts/application
  Rendered main/index.html.erb within layouts/application (1.3ms)
Completed 200 OK in 24ms (Views: 20.8ms)


Started GET "/" for 127.0.0.1 at 2017-09-27 13:01:07 -0300
Processing by MainController#index as HTML
  Rendering main/index.html.erb within layouts/application
  Rendered main/index.html.erb within layouts/application (1.0ms)
Completed 200 OK in 23ms (Views: 20.2ms)


Started GET "/" for 127.0.0.1 at 2017-09-27 13:01:08 -0300
Processing by MainController#index as HTML
  Rendering main/index.html.erb within layouts/application
  Rendered main/index.html.erb within layouts/application (0.9ms)
Completed 200 OK in 25ms (Views: 21.6ms)


Started GET "/" for 127.0.0.1 at 2017-09-27 13:01:09 -0300
Processing by MainController#index as HTML
  Rendering main/index.html.erb within layouts/application
  Rendered main/index.html.erb within layouts/application (1.2ms)
Completed 200 OK in 38ms (Views: 34.6ms)


Started GET "/" for 127.0.0.1 at 2017-09-27 13:01:10 -0300
Processing by MainController#index as HTML
  Rendering main/index.html.erb within layouts/application
  Rendered main/index.html.erb within layouts/application (0.8ms)
Completed 200 OK in 30ms (Views: 25.6ms)


Started GET "/" for 127.0.0.1 at 2017-09-27 13:01:11 -0300
Processing by MainController#index as HTML
  Rendering main/index.html.erb within layouts/application
  Rendered main/index.html.erb within layouts/application (1.0ms)
Completed 200 OK in 23ms (Views: 19.2ms)


Started GET "/" for 127.0.0.1 at 2017-09-27 13:01:12 -0300
Processing by MainController#index as HTML
  Rendering main/index.html.erb within layouts/application
  Rendered main/index.html.erb within layouts/application (1.0ms)
Completed 200 OK in 23ms (Views: 19.9ms)


Started GET "/" for 127.0.0.1 at 2017-09-27 13:01:13 -0300
Processing by MainController#index as HTML
  Rendering main/index.html.erb within layouts/application
  Rendered main/index.html.erb within layouts/application (0.6ms)
Completed 200 OK in 35ms (Views: 31.3ms)


Started GET "/" for 127.0.0.1 at 2017-09-27 13:01:15 -0300
Processing by MainController#index as HTML
  Rendering main/index.html.erb within layouts/application
  Rendered main/index.html.erb within layouts/application (0.5ms)
Completed 200 OK in 15ms (Views: 12.7ms)


Started GET "/" for 127.0.0.1 at 2017-09-27 13:01:16 -0300
Processing by MainController#index as HTML
  Rendering main/index.html.erb within layouts/application
  Rendered main/index.html.erb within layouts/application (1.2ms)
Completed 200 OK in 42ms (Views: 39.7ms)


Started GET "/" for 127.0.0.1 at 2017-09-27 13:01:17 -0300
Processing by MainController#index as HTML
  Rendering main/index.html.erb within layouts/application
  Rendered main/index.html.erb within layouts/application (2.4ms)
Completed 200 OK in 41ms (Views: 33.0ms)


Started GET "/" for 127.0.0.1 at 2017-09-27 13:01:18 -0300
Processing by MainController#index as HTML
  Rendering main/index.html.erb within layouts/application
  Rendered main/index.html.erb within layouts/application (1.0ms)
Completed 200 OK in 36ms (Views: 23.6ms)


Started GET "/" for 127.0.0.1 at 2017-09-27 13:01:20 -0300
Processing by MainController#index as HTML
  Rendering main/index.html.erb within layouts/application
  Rendered main/index.html.erb within layouts/application (0.4ms)
Completed 200 OK in 17ms (Views: 12.6ms)


Started GET "/" for 127.0.0.1 at 2017-09-27 13:01:22 -0300
Processing by MainController#index as HTML
  Rendering main/index.html.erb within layouts/application
  Rendered main/index.html.erb within layouts/application (0.4ms)
Completed 200 OK in 16ms (Views: 13.3ms)


Started GET "/" for 127.0.0.1 at 2017-09-27 13:01:25 -0300
Processing by MainController#index as HTML
  Rendering main/index.html.erb within layouts/application
  Rendered main/index.html.erb within layouts/application (0.6ms)
Completed 200 OK in 17ms (Views: 14.8ms)


Started GET "/" for 127.0.0.1 at 2017-09-27 13:01:26 -0300
Processing by MainController#index as HTML
  Rendering main/index.html.erb within layouts/application
  Rendered main/index.html.erb within layouts/application (1.0ms)
Completed 200 OK in 30ms (Views: 27.3ms)


Started GET "/" for 127.0.0.1 at 2017-09-27 13:01:27 -0300
Processing by MainController#index as HTML
  Rendering main/index.html.erb within layouts/application
  Rendered main/index.html.erb within layouts/application (0.5ms)
Completed 200 OK in 27ms (Views: 19.4ms)


Started GET "/" for 127.0.0.1 at 2017-09-27 13:01:28 -0300
Processing by MainController#index as HTML
  Rendering main/index.html.erb within layouts/application
  Rendered main/index.html.erb within layouts/application (0.5ms)
Completed 200 OK in 29ms (Views: 25.5ms)


Started GET "/" for 127.0.0.1 at 2017-09-27 13:01:29 -0300
Processing by MainController#index as HTML
  Rendering main/index.html.erb within layouts/application
  Rendered main/index.html.erb within layouts/application (1.4ms)
Completed 200 OK in 25ms (Views: 22.2ms)


Started GET "/" for 127.0.0.1 at 2017-09-27 13:01:30 -0300
Processing by MainController#index as HTML
  Rendering main/index.html.erb within layouts/application
  Rendered main/index.html.erb within layouts/application (0.7ms)
Completed 200 OK in 36ms (Views: 32.3ms)


Started GET "/" for 127.0.0.1 at 2017-09-27 13:01:31 -0300
Processing by MainController#index as HTML
  Rendering main/index.html.erb within layouts/application
  Rendered main/index.html.erb within layouts/application (1.1ms)
Completed 200 OK in 31ms (Views: 28.6ms)


Started GET "/" for 127.0.0.1 at 2017-09-27 13:01:32 -0300
Processing by MainController#index as HTML
  Rendering main/index.html.erb within layouts/application
  Rendered main/index.html.erb within layouts/application (1.4ms)
Completed 200 OK in 25ms (Views: 22.1ms)


Started GET "/" for 127.0.0.1 at 2017-09-27 13:01:33 -0300
Processing by MainController#index as HTML
  Rendering main/index.html.erb within layouts/application
  Rendered main/index.html.erb within layouts/application (1.7ms)
Completed 200 OK in 23ms (Views: 20.2ms)


Started GET "/" for 127.0.0.1 at 2017-09-27 13:01:34 -0300
Processing by MainController#index as HTML
  Rendering main/index.html.erb within layouts/application
  Rendered main/index.html.erb within layouts/application (1.5ms)
Completed 200 OK in 24ms (Views: 21.0ms)


Started GET "/" for 127.0.0.1 at 2017-09-27 13:01:35 -0300
Processing by MainController#index as HTML
  Rendering main/index.html.erb within layouts/application
  Rendered main/index.html.erb within layouts/application (1.0ms)
Completed 200 OK in 23ms (Views: 20.2ms)


Started GET "/" for 127.0.0.1 at 2017-09-27 13:01:37 -0300
Processing by MainController#index as HTML
  Rendering main/index.html.erb within layouts/application
  Rendered main/index.html.erb within layouts/application (0.5ms)
Completed 200 OK in 16ms (Views: 13.7ms)


Started GET "/" for 127.0.0.1 at 2017-09-27 13:01:38 -0300
Processing by MainController#index as HTML
  Rendering main/index.html.erb within layouts/application
  Rendered main/index.html.erb within layouts/application (1.9ms)
Completed 200 OK in 26ms (Views: 23.3ms)


Started GET "/" for 127.0.0.1 at 2017-09-27 13:01:39 -0300
Processing by MainController#index as HTML
  Rendering main/index.html.erb within layouts/application
  Rendered main/index.html.erb within layouts/application (0.7ms)
Completed 200 OK in 29ms (Views: 26.0ms)


Started GET "/" for 127.0.0.1 at 2017-09-27 13:01:40 -0300
Processing by MainController#index as HTML
  Rendering main/index.html.erb within layouts/application
  Rendered main/index.html.erb within layouts/application (0.4ms)
Completed 200 OK in 22ms (Views: 17.0ms)


Started GET "/" for 127.0.0.1 at 2017-09-27 13:01:41 -0300
Processing by MainController#index as HTML
  Rendering main/index.html.erb within layouts/application
  Rendered main/index.html.erb within layouts/application (0.9ms)
Completed 200 OK in 26ms (Views: 22.2ms)


Started GET "/" for 127.0.0.1 at 2017-09-27 13:01:42 -0300
Processing by MainController#index as HTML
  Rendering main/index.html.erb within layouts/application
  Rendered main/index.html.erb within layouts/application (0.9ms)
Completed 200 OK in 25ms (Views: 21.5ms)


Started GET "/" for 127.0.0.1 at 2017-09-27 13:01:43 -0300
Processing by MainController#index as HTML
  Rendering main/index.html.erb within layouts/application
  Rendered main/index.html.erb within layouts/application (1.2ms)
Completed 200 OK in 24ms (Views: 20.1ms)


Started GET "/" for 127.0.0.1 at 2017-09-27 13:01:44 -0300
Processing by MainController#index as HTML
  Rendering main/index.html.erb within layouts/application
  Rendered main/index.html.erb within layouts/application (0.7ms)
Completed 200 OK in 27ms (Views: 23.3ms)


Started GET "/" for 127.0.0.1 at 2017-09-27 13:01:45 -0300
Processing by MainController#index as HTML
  Rendering main/index.html.erb within layouts/application
  Rendered main/index.html.erb within layouts/application (0.8ms)
Completed 200 OK in 28ms (Views: 24.3ms)


Started GET "/" for 127.0.0.1 at 2017-09-27 13:01:46 -0300
Processing by MainController#index as HTML
  Rendering main/index.html.erb within layouts/application
  Rendered main/index.html.erb within layouts/application (0.9ms)
Completed 200 OK in 27ms (Views: 23.9ms)


Started GET "/" for 127.0.0.1 at 2017-09-27 13:01:48 -0300
Processing by MainController#index as HTML
  Rendering main/index.html.erb within layouts/application
  Rendered main/index.html.erb within layouts/application (1.0ms)
Completed 200 OK in 27ms (Views: 24.2ms)


Started GET "/" for 127.0.0.1 at 2017-09-27 13:01:49 -0300
Processing by MainController#index as HTML
  Rendering main/index.html.erb within layouts/application
  Rendered main/index.html.erb within layouts/application (0.8ms)
Completed 200 OK in 20ms (Views: 16.9ms)


Started GET "/" for 127.0.0.1 at 2017-09-27 13:01:50 -0300
Processing by MainController#index as HTML
  Rendering main/index.html.erb within layouts/application
  Rendered main/index.html.erb within layouts/application (0.9ms)
Completed 200 OK in 34ms (Views: 30.8ms)


Started GET "/" for 127.0.0.1 at 2017-09-27 13:01:51 -0300
Processing by MainController#index as HTML
  Rendering main/index.html.erb within layouts/application
  Rendered main/index.html.erb within layouts/application (1.1ms)
Completed 200 OK in 24ms (Views: 21.3ms)


Started GET "/" for 127.0.0.1 at 2017-09-27 13:01:52 -0300
Processing by MainController#index as HTML
  Rendering main/index.html.erb within layouts/application
  Rendered main/index.html.erb within layouts/application (1.1ms)
Completed 200 OK in 27ms (Views: 17.0ms)


Started GET "/" for 127.0.0.1 at 2017-09-27 13:01:53 -0300
Processing by MainController#index as HTML
  Rendering main/index.html.erb within layouts/application
  Rendered main/index.html.erb within layouts/application (0.4ms)
Completed 200 OK in 42ms (Views: 26.2ms)


Started GET "/" for 127.0.0.1 at 2017-09-27 13:01:54 -0300
Processing by MainController#index as HTML
  Rendering main/index.html.erb within layouts/application
  Rendered main/index.html.erb within layouts/application (1.1ms)
Completed 200 OK in 29ms (Views: 14.9ms)


Started GET "/" for 127.0.0.1 at 2017-09-27 13:01:55 -0300
Processing by MainController#index as HTML
  Rendering main/index.html.erb within layouts/application
  Rendered main/index.html.erb within layouts/application (0.4ms)
Completed 200 OK in 19ms (Views: 12.3ms)


Started GET "/" for 127.0.0.1 at 2017-09-27 13:01:56 -0300
Processing by MainController#index as HTML
  Rendering main/index.html.erb within layouts/application
  Rendered main/index.html.erb within layouts/application (1.1ms)
Completed 200 OK in 30ms (Views: 16.3ms)


Started GET "/" for 127.0.0.1 at 2017-09-27 13:01:57 -0300
Processing by MainController#index as HTML
  Rendering main/index.html.erb within layouts/application
  Rendered main/index.html.erb within layouts/application (1.3ms)
Completed 200 OK in 31ms (Views: 17.2ms)


Started GET "/" for 127.0.0.1 at 2017-09-27 13:01:58 -0300
Processing by MainController#index as HTML
  Rendering main/index.html.erb within layouts/application
  Rendered main/index.html.erb within layouts/application (0.4ms)
Completed 200 OK in 29ms (Views: 15.2ms)


Started GET "/" for 127.0.0.1 at 2017-09-27 13:02:01 -0300
Processing by MainController#index as HTML
  Rendering main/index.html.erb within layouts/application
  Rendered main/index.html.erb within layouts/application (0.4ms)
Completed 200 OK in 18ms (Views: 11.8ms)


Started GET "/" for 127.0.0.1 at 2017-09-27 13:02:02 -0300
Processing by MainController#index as HTML
  Rendering main/index.html.erb within layouts/application
  Rendered main/index.html.erb within layouts/application (1.0ms)
Completed 200 OK in 35ms (Views: 21.4ms)


Started GET "/" for 127.0.0.1 at 2017-09-27 13:02:03 -0300
Processing by MainController#index as HTML
  Rendering main/index.html.erb within layouts/application
  Rendered main/index.html.erb within layouts/application (0.5ms)
Completed 200 OK in 31ms (Views: 16.9ms)


Started GET "/" for 127.0.0.1 at 2017-09-27 13:02:04 -0300
Processing by MainController#index as HTML
  Rendering main/index.html.erb within layouts/application
  Rendered main/index.html.erb within layouts/application (1.2ms)
Completed 200 OK in 43ms (Views: 28.9ms)


Started GET "/" for 127.0.0.1 at 2017-09-27 14:43:57 -0300
Processing by MainController#index as HTML
  Rendering main/index.html.erb within layouts/application
  Rendered main/index.html.erb within layouts/application (1.7ms)
Completed 200 OK in 475ms (Views: 215.9ms)


Started GET "/" for 127.0.0.1 at 2017-09-27 14:44:00 -0300
Processing by MainController#index as HTML
  Rendering main/index.html.erb within layouts/application
  Rendered main/index.html.erb within layouts/application (0.4ms)
Completed 200 OK in 16ms (Views: 13.5ms)


Started GET "/" for 127.0.0.1 at 2017-09-27 14:44:02 -0300
Processing by MainController#index as HTML
  Rendering main/index.html.erb within layouts/application
  Rendered main/index.html.erb within layouts/application (0.5ms)
Completed 200 OK in 15ms (Views: 12.4ms)


Started GET "/" for 127.0.0.1 at 2017-09-27 14:44:05 -0300
Processing by MainController#index as HTML
  Rendering main/index.html.erb within layouts/application
  Rendered main/index.html.erb within layouts/application (0.4ms)
Completed 200 OK in 15ms (Views: 12.5ms)


Started GET "/" for 127.0.0.1 at 2017-09-27 14:44:06 -0300
Processing by MainController#index as HTML
  Rendering main/index.html.erb within layouts/application
  Rendered main/index.html.erb within layouts/application (0.5ms)
Completed 200 OK in 16ms (Views: 12.8ms)


Started GET "/" for 127.0.0.1 at 2017-09-27 14:44:07 -0300
Processing by MainController#index as HTML
  Rendering main/index.html.erb within layouts/application
  Rendered main/index.html.erb within layouts/application (0.4ms)
Completed 200 OK in 16ms (Views: 12.1ms)


Started GET "/" for 127.0.0.1 at 2017-09-27 14:44:08 -0300
Processing by MainController#index as HTML
  Rendering main/index.html.erb within layouts/application
  Rendered main/index.html.erb within layouts/application (0.5ms)
Completed 200 OK in 17ms (Views: 13.7ms)


Started GET "/" for 127.0.0.1 at 2017-09-27 14:44:09 -0300
Processing by MainController#index as HTML
  Rendering main/index.html.erb within layouts/application
  Rendered main/index.html.erb within layouts/application (0.5ms)
Completed 200 OK in 17ms (Views: 13.8ms)


Started GET "/" for 127.0.0.1 at 2017-09-27 14:44:10 -0300
Processing by MainController#index as HTML
  Rendering main/index.html.erb within layouts/application
  Rendered main/index.html.erb within layouts/application (0.4ms)
Completed 200 OK in 17ms (Views: 13.5ms)


Started GET "/" for 127.0.0.1 at 2017-09-27 14:44:11 -0300
Processing by MainController#index as HTML
  Rendering main/index.html.erb within layouts/application
  Rendered main/index.html.erb within layouts/application (0.9ms)
Completed 200 OK in 18ms (Views: 14.5ms)


Started GET "/" for 127.0.0.1 at 2017-09-27 14:44:12 -0300
Processing by MainController#index as HTML
  Rendering main/index.html.erb within layouts/application
  Rendered main/index.html.erb within layouts/application (0.8ms)
Completed 200 OK in 23ms (Views: 18.9ms)


Started GET "/" for 127.0.0.1 at 2017-09-27 14:44:13 -0300
Processing by MainController#index as HTML
  Rendering main/index.html.erb within layouts/application
  Rendered main/index.html.erb within layouts/application (0.4ms)
Completed 200 OK in 17ms (Views: 13.4ms)


Started GET "/" for 127.0.0.1 at 2017-09-27 14:44:14 -0300
Processing by MainController#index as HTML
  Rendering main/index.html.erb within layouts/application
  Rendered main/index.html.erb within layouts/application (0.4ms)
Completed 200 OK in 19ms (Views: 15.2ms)


Started GET "/" for 127.0.0.1 at 2017-09-27 14:44:15 -0300
Processing by MainController#index as HTML
  Rendering main/index.html.erb within layouts/application
  Rendered main/index.html.erb within layouts/application (0.4ms)
Completed 200 OK in 17ms (Views: 14.3ms)


Started GET "/" for 127.0.0.1 at 2017-09-27 14:44:16 -0300
Processing by MainController#index as HTML
  Rendering main/index.html.erb within layouts/application
  Rendered main/index.html.erb within layouts/application (1.2ms)
Completed 200 OK in 33ms (Views: 27.2ms)


Started GET "/" for 127.0.0.1 at 2017-09-27 14:44:17 -0300
Processing by MainController#index as HTML
  Rendering main/index.html.erb within layouts/application
  Rendered main/index.html.erb within layouts/application (1.0ms)
Completed 200 OK in 30ms (Views: 25.5ms)


Started GET "/" for 127.0.0.1 at 2017-09-27 14:44:18 -0300
Processing by MainController#index as HTML
  Rendering main/index.html.erb within layouts/application
  Rendered main/index.html.erb within layouts/application (0.5ms)
Completed 200 OK in 18ms (Views: 14.7ms)


Started GET "/" for 127.0.0.1 at 2017-09-27 14:44:20 -0300
Processing by MainController#index as HTML
  Rendering main/index.html.erb within layouts/application
  Rendered main/index.html.erb within layouts/application (0.5ms)
Completed 200 OK in 29ms (Views: 25.8ms)


Started GET "/" for 127.0.0.1 at 2017-09-27 14:44:22 -0300
Processing by MainController#index as HTML
  Rendering main/index.html.erb within layouts/application
  Rendered main/index.html.erb within layouts/application (0.5ms)
Completed 200 OK in 16ms (Views: 13.1ms)


Started GET "/" for 127.0.0.1 at 2017-09-27 14:44:23 -0300
Processing by MainController#index as HTML
  Rendering main/index.html.erb within layouts/application
  Rendered main/index.html.erb within layouts/application (0.5ms)
Completed 200 OK in 17ms (Views: 13.3ms)


Started GET "/" for 127.0.0.1 at 2017-09-27 14:44:25 -0300
Processing by MainController#index as HTML
  Rendering main/index.html.erb within layouts/application
  Rendered main/index.html.erb within layouts/application (0.4ms)
Completed 200 OK in 16ms (Views: 14.0ms)


Started GET "/" for 127.0.0.1 at 2017-09-27 14:44:27 -0300
Processing by MainController#index as HTML
  Rendering main/index.html.erb within layouts/application
  Rendered main/index.html.erb within layouts/application (0.5ms)
Completed 200 OK in 15ms (Views: 12.6ms)


Started GET "/" for 127.0.0.1 at 2017-09-27 14:44:29 -0300
Processing by MainController#index as HTML
  Rendering main/index.html.erb within layouts/application
  Rendered main/index.html.erb within layouts/application (0.4ms)
Completed 200 OK in 15ms (Views: 12.4ms)


Started GET "/" for 127.0.0.1 at 2017-09-27 14:44:30 -0300
Processing by MainController#index as HTML
  Rendering main/index.html.erb within layouts/application
  Rendered main/index.html.erb within layouts/application (0.5ms)
Completed 200 OK in 18ms (Views: 15.3ms)


Started GET "/" for 127.0.0.1 at 2017-09-27 14:44:33 -0300
Processing by MainController#index as HTML
  Rendering main/index.html.erb within layouts/application
  Rendered main/index.html.erb within layouts/application (0.4ms)
Completed 200 OK in 15ms (Views: 13.0ms)


Started GET "/" for 127.0.0.1 at 2017-09-27 14:44:34 -0300
Processing by MainController#index as HTML
  Rendering main/index.html.erb within layouts/application
  Rendered main/index.html.erb within layouts/application (0.5ms)
Completed 200 OK in 15ms (Views: 12.9ms)


Started GET "/" for 127.0.0.1 at 2017-09-27 14:44:35 -0300
Processing by MainController#index as HTML
  Rendering main/index.html.erb within layouts/application
  Rendered main/index.html.erb within layouts/application (0.4ms)
Completed 200 OK in 17ms (Views: 12.9ms)


Started GET "/" for 127.0.0.1 at 2017-09-27 14:44:36 -0300
Processing by MainController#index as HTML
  Rendering main/index.html.erb within layouts/application
  Rendered main/index.html.erb within layouts/application (0.4ms)
Completed 200 OK in 18ms (Views: 14.5ms)


Started GET "/" for 127.0.0.1 at 2017-09-27 14:44:37 -0300
Processing by MainController#index as HTML
  Rendering main/index.html.erb within layouts/application
  Rendered main/index.html.erb within layouts/application (0.4ms)
Completed 200 OK in 17ms (Views: 13.6ms)


Started GET "/" for 127.0.0.1 at 2017-09-27 14:44:38 -0300
Processing by MainController#index as HTML
  Rendering main/index.html.erb within layouts/application
  Rendered main/index.html.erb within layouts/application (0.4ms)
Completed 200 OK in 19ms (Views: 13.7ms)


Started GET "/" for 127.0.0.1 at 2017-09-27 14:44:40 -0300
Processing by MainController#index as HTML
  Rendering main/index.html.erb within layouts/application
  Rendered main/index.html.erb within layouts/application (0.5ms)
Completed 200 OK in 20ms (Views: 14.8ms)


Started GET "/" for 127.0.0.1 at 2017-09-27 14:44:41 -0300
Processing by MainController#index as HTML
  Rendering main/index.html.erb within layouts/application
  Rendered main/index.html.erb within layouts/application (0.5ms)
Completed 200 OK in 25ms (Views: 15.7ms)


Started GET "/" for 127.0.0.1 at 2017-09-27 14:44:42 -0300
Processing by MainController#index as HTML
  Rendering main/index.html.erb within layouts/application
  Rendered main/index.html.erb within layouts/application (0.4ms)
Completed 200 OK in 22ms (Views: 14.8ms)


Started GET "/" for 127.0.0.1 at 2017-09-27 14:44:43 -0300
Processing by MainController#index as HTML
  Rendering main/index.html.erb within layouts/application
  Rendered main/index.html.erb within layouts/application (0.4ms)
Completed 200 OK in 17ms (Views: 14.0ms)


Started GET "/" for 127.0.0.1 at 2017-09-27 14:44:44 -0300
Processing by MainController#index as HTML
  Rendering main/index.html.erb within layouts/application
  Rendered main/index.html.erb within layouts/application (0.6ms)
Completed 200 OK in 19ms (Views: 15.4ms)


Started GET "/" for 127.0.0.1 at 2017-09-27 14:44:45 -0300
Processing by MainController#index as HTML
  Rendering main/index.html.erb within layouts/application
  Rendered main/index.html.erb within layouts/application (0.5ms)
Completed 200 OK in 24ms (Views: 20.6ms)


Started GET "/" for 127.0.0.1 at 2017-09-27 14:44:47 -0300
Processing by MainController#index as HTML
  Rendering main/index.html.erb within layouts/application
  Rendered main/index.html.erb within layouts/application (0.5ms)
Completed 200 OK in 16ms (Views: 14.1ms)


Started GET "/" for 127.0.0.1 at 2017-09-27 14:44:48 -0300
Processing by MainController#index as HTML
  Rendering main/index.html.erb within layouts/application
  Rendered main/index.html.erb within layouts/application (0.5ms)
Completed 200 OK in 18ms (Views: 14.4ms)


Started GET "/" for 127.0.0.1 at 2017-09-27 14:44:49 -0300
Processing by MainController#index as HTML
  Rendering main/index.html.erb within layouts/application
  Rendered main/index.html.erb within layouts/application (0.5ms)
Completed 200 OK in 17ms (Views: 14.0ms)


Started GET "/" for 127.0.0.1 at 2017-09-27 14:44:51 -0300
Processing by MainController#index as HTML
  Rendering main/index.html.erb within layouts/application
  Rendered main/index.html.erb within layouts/application (0.5ms)
Completed 200 OK in 16ms (Views: 14.1ms)


Started GET "/" for 127.0.0.1 at 2017-09-27 14:44:52 -0300
Processing by MainController#index as HTML
  Rendering main/index.html.erb within layouts/application
  Rendered main/index.html.erb within layouts/application (0.4ms)
Completed 200 OK in 19ms (Views: 16.1ms)


Started GET "/" for 127.0.0.1 at 2017-09-27 14:44:55 -0300
Processing by MainController#index as HTML
  Rendering main/index.html.erb within layouts/application
  Rendered main/index.html.erb within layouts/application (0.5ms)
Completed 200 OK in 15ms (Views: 12.8ms)


Started GET "/" for 127.0.0.1 at 2017-09-27 14:44:56 -0300
Processing by MainController#index as HTML
  Rendering main/index.html.erb within layouts/application
  Rendered main/index.html.erb within layouts/application (0.4ms)
Completed 200 OK in 19ms (Views: 15.6ms)


Started GET "/" for 127.0.0.1 at 2017-09-27 14:44:57 -0300
Processing by MainController#index as HTML
  Rendering main/index.html.erb within layouts/application
  Rendered main/index.html.erb within layouts/application (0.4ms)
Completed 200 OK in 18ms (Views: 15.5ms)


Started GET "/" for 127.0.0.1 at 2017-09-27 14:44:58 -0300
Processing by MainController#index as HTML
  Rendering main/index.html.erb within layouts/application
  Rendered main/index.html.erb within layouts/application (0.5ms)
Completed 200 OK in 17ms (Views: 13.6ms)


Started GET "/" for 127.0.0.1 at 2017-09-27 14:45:01 -0300
Processing by MainController#index as HTML
  Rendering main/index.html.erb within layouts/application
  Rendered main/index.html.erb within layouts/application (0.5ms)
Completed 200 OK in 15ms (Views: 12.4ms)


Started GET "/" for 127.0.0.1 at 2017-09-27 14:45:02 -0300
Processing by MainController#index as HTML
  Rendering main/index.html.erb within layouts/application
  Rendered main/index.html.erb within layouts/application (0.5ms)
Completed 200 OK in 17ms (Views: 12.9ms)


Started GET "/" for 127.0.0.1 at 2017-09-27 14:45:03 -0300
Processing by MainController#index as HTML
  Rendering main/index.html.erb within layouts/application
  Rendered main/index.html.erb within layouts/application (0.4ms)
Completed 200 OK in 15ms (Views: 12.3ms)


Started GET "/" for 127.0.0.1 at 2017-09-27 14:45:04 -0300
Processing by MainController#index as HTML
  Rendering main/index.html.erb within layouts/application
  Rendered main/index.html.erb within layouts/application (0.4ms)
Completed 200 OK in 17ms (Views: 13.6ms)


Started GET "/" for 127.0.0.1 at 2017-09-27 14:45:05 -0300
Processing by MainController#index as HTML
  Rendering main/index.html.erb within layouts/application
  Rendered main/index.html.erb within layouts/application (0.4ms)
Completed 200 OK in 18ms (Views: 14.4ms)


Started GET "/" for 127.0.0.1 at 2017-09-27 14:45:06 -0300
Processing by MainController#index as HTML
  Rendering main/index.html.erb within layouts/application
  Rendered main/index.html.erb within layouts/application (0.5ms)
Completed 200 OK in 18ms (Views: 15.1ms)


Started GET "/" for 127.0.0.1 at 2017-09-27 14:45:07 -0300
Processing by MainController#index as HTML
  Rendering main/index.html.erb within layouts/application
  Rendered main/index.html.erb within layouts/application (0.4ms)
Completed 200 OK in 18ms (Views: 13.9ms)


Started GET "/" for 127.0.0.1 at 2017-09-27 14:45:08 -0300
Processing by MainController#index as HTML
  Rendering main/index.html.erb within layouts/application
  Rendered main/index.html.erb within layouts/application (0.4ms)
Completed 200 OK in 17ms (Views: 14.1ms)


Started GET "/" for 127.0.0.1 at 2017-09-27 14:45:11 -0300
Processing by MainController#index as HTML
  Rendering main/index.html.erb within layouts/application
  Rendered main/index.html.erb within layouts/application (0.5ms)
Completed 200 OK in 22ms (Views: 19.9ms)


Started GET "/" for 127.0.0.1 at 2017-09-27 14:45:12 -0300
Processing by MainController#index as HTML
  Rendering main/index.html.erb within layouts/application
  Rendered main/index.html.erb within layouts/application (0.4ms)
Completed 200 OK in 18ms (Views: 14.2ms)


Started GET "/" for 127.0.0.1 at 2017-09-27 14:45:13 -0300
Processing by MainController#index as HTML
  Rendering main/index.html.erb within layouts/application
  Rendered main/index.html.erb within layouts/application (0.4ms)
Completed 200 OK in 17ms (Views: 13.5ms)


Started GET "/" for 127.0.0.1 at 2017-09-27 14:45:14 -0300
Processing by MainController#index as HTML
  Rendering main/index.html.erb within layouts/application
  Rendered main/index.html.erb within layouts/application (0.7ms)
Completed 200 OK in 17ms (Views: 14.1ms)


Started GET "/" for 127.0.0.1 at 2017-09-27 14:45:16 -0300
Processing by MainController#index as HTML
  Rendering main/index.html.erb within layouts/application
  Rendered main/index.html.erb within layouts/application (0.4ms)
Completed 200 OK in 17ms (Views: 14.8ms)


Started GET "/" for 127.0.0.1 at 2017-09-27 14:45:17 -0300
Processing by MainController#index as HTML
  Rendering main/index.html.erb within layouts/application
  Rendered main/index.html.erb within layouts/application (0.4ms)
Completed 200 OK in 18ms (Views: 14.2ms)


Started GET "/" for 127.0.0.1 at 2017-09-27 14:45:20 -0300
Processing by MainController#index as HTML
  Rendering main/index.html.erb within layouts/application
  Rendered main/index.html.erb within layouts/application (0.6ms)
Completed 200 OK in 15ms (Views: 12.6ms)


Started GET "/" for 127.0.0.1 at 2017-09-27 14:45:22 -0300
Processing by MainController#index as HTML
  Rendering main/index.html.erb within layouts/application
  Rendered main/index.html.erb within layouts/application (0.4ms)
Completed 200 OK in 15ms (Views: 13.0ms)


Started GET "/" for 127.0.0.1 at 2017-09-27 14:45:24 -0300
Processing by MainController#index as HTML
  Rendering main/index.html.erb within layouts/application
  Rendered main/index.html.erb within layouts/application (0.5ms)
Completed 200 OK in 18ms (Views: 14.2ms)


Started GET "/" for 127.0.0.1 at 2017-09-27 14:45:25 -0300
Processing by MainController#index as HTML
  Rendering main/index.html.erb within layouts/application
  Rendered main/index.html.erb within layouts/application (0.4ms)
Completed 200 OK in 16ms (Views: 13.2ms)


Started GET "/" for 127.0.0.1 at 2017-09-27 14:45:27 -0300
Processing by MainController#index as HTML
  Rendering main/index.html.erb within layouts/application
  Rendered main/index.html.erb within layouts/application (0.4ms)
Completed 200 OK in 15ms (Views: 12.7ms)


Started GET "/" for 127.0.0.1 at 2017-09-27 14:45:29 -0300
Processing by MainController#index as HTML
  Rendering main/index.html.erb within layouts/application
  Rendered main/index.html.erb within layouts/application (0.4ms)
Completed 200 OK in 15ms (Views: 13.0ms)


Started GET "/" for 127.0.0.1 at 2017-09-27 14:45:30 -0300
Processing by MainController#index as HTML
  Rendering main/index.html.erb within layouts/application
  Rendered main/index.html.erb within layouts/application (0.4ms)
Completed 200 OK in 15ms (Views: 12.9ms)


Started GET "/" for 127.0.0.1 at 2017-09-27 14:45:31 -0300
Processing by MainController#index as HTML
  Rendering main/index.html.erb within layouts/application
  Rendered main/index.html.erb within layouts/application (0.4ms)
Completed 200 OK in 17ms (Views: 13.3ms)


Started GET "/" for 127.0.0.1 at 2017-09-27 14:45:32 -0300
Processing by MainController#index as HTML
  Rendering main/index.html.erb within layouts/application
  Rendered main/index.html.erb within layouts/application (0.5ms)
Completed 200 OK in 17ms (Views: 13.1ms)


Started GET "/" for 127.0.0.1 at 2017-09-27 14:45:34 -0300
Processing by MainController#index as HTML
  Rendering main/index.html.erb within layouts/application
  Rendered main/index.html.erb within layouts/application (0.4ms)
Completed 200 OK in 15ms (Views: 13.2ms)


Started GET "/" for 127.0.0.1 at 2017-09-27 14:45:35 -0300
Processing by MainController#index as HTML
  Rendering main/index.html.erb within layouts/application
  Rendered main/index.html.erb within layouts/application (0.4ms)
Completed 200 OK in 17ms (Views: 14.3ms)


Started GET "/" for 127.0.0.1 at 2017-09-27 14:45:36 -0300
Processing by MainController#index as HTML
  Rendering main/index.html.erb within layouts/application
  Rendered main/index.html.erb within layouts/application (0.4ms)
Completed 200 OK in 18ms (Views: 14.3ms)


Started GET "/" for 127.0.0.1 at 2017-09-27 14:45:37 -0300
Processing by MainController#index as HTML
  Rendering main/index.html.erb within layouts/application
  Rendered main/index.html.erb within layouts/application (0.9ms)
Completed 200 OK in 17ms (Views: 14.1ms)


Started GET "/" for 127.0.0.1 at 2017-09-27 14:45:39 -0300
Processing by MainController#index as HTML
  Rendering main/index.html.erb within layouts/application
  Rendered main/index.html.erb within layouts/application (0.5ms)
Completed 200 OK in 21ms (Views: 19.1ms)


Started GET "/" for 127.0.0.1 at 2017-09-27 14:45:40 -0300
Processing by MainController#index as HTML
  Rendering main/index.html.erb within layouts/application
  Rendered main/index.html.erb within layouts/application (0.4ms)
Completed 200 OK in 17ms (Views: 14.0ms)


Started GET "/" for 127.0.0.1 at 2017-09-27 14:45:41 -0300
Processing by MainController#index as HTML
  Rendering main/index.html.erb within layouts/application
  Rendered main/index.html.erb within layouts/application (0.6ms)
Completed 200 OK in 20ms (Views: 16.5ms)


Started GET "/" for 127.0.0.1 at 2017-09-27 14:45:43 -0300
Processing by MainController#index as HTML
  Rendering main/index.html.erb within layouts/application
  Rendered main/index.html.erb within layouts/application (0.4ms)
Completed 200 OK in 15ms (Views: 12.4ms)


Started GET "/" for 127.0.0.1 at 2017-09-27 14:45:44 -0300
Processing by MainController#index as HTML
  Rendering main/index.html.erb within layouts/application
  Rendered main/index.html.erb within layouts/application (0.5ms)
Completed 200 OK in 17ms (Views: 13.9ms)


Started GET "/" for 127.0.0.1 at 2017-09-27 14:45:45 -0300
Processing by MainController#index as HTML
  Rendering main/index.html.erb within layouts/application
  Rendered main/index.html.erb within layouts/application (0.4ms)
Completed 200 OK in 17ms (Views: 14.1ms)


Started GET "/" for 127.0.0.1 at 2017-09-27 14:45:46 -0300
Processing by MainController#index as HTML
  Rendering main/index.html.erb within layouts/application
  Rendered main/index.html.erb within layouts/application (0.5ms)
Completed 200 OK in 21ms (Views: 15.4ms)


Started GET "/" for 127.0.0.1 at 2017-09-27 14:45:47 -0300
Processing by MainController#index as HTML
  Rendering main/index.html.erb within layouts/application
  Rendered main/index.html.erb within layouts/application (0.5ms)
Completed 200 OK in 19ms (Views: 14.4ms)


Started GET "/" for 127.0.0.1 at 2017-09-27 14:45:48 -0300
Processing by MainController#index as HTML
  Rendering main/index.html.erb within layouts/application
  Rendered main/index.html.erb within layouts/application (0.4ms)
Completed 200 OK in 18ms (Views: 13.8ms)


Started GET "/" for 127.0.0.1 at 2017-09-27 14:45:50 -0300
Processing by MainController#index as HTML
  Rendering main/index.html.erb within layouts/application
  Rendered main/index.html.erb within layouts/application (0.7ms)
Completed 200 OK in 20ms (Views: 16.1ms)


Started GET "/" for 127.0.0.1 at 2017-09-27 14:45:51 -0300
Processing by MainController#index as HTML
  Rendering main/index.html.erb within layouts/application
  Rendered main/index.html.erb within layouts/application (0.5ms)
Completed 200 OK in 18ms (Views: 14.7ms)


Started GET "/" for 127.0.0.1 at 2017-09-27 14:45:52 -0300
Processing by MainController#index as HTML
  Rendering main/index.html.erb within layouts/application
  Rendered main/index.html.erb within layouts/application (0.4ms)
Completed 200 OK in 17ms (Views: 14.0ms)


Started GET "/" for 127.0.0.1 at 2017-10-04 08:47:19 -0300
Processing by MainController#index as HTML
  Rendering main/index.html.erb within layouts/application
  Rendered main/index.html.erb within layouts/application (1.4ms)
Completed 200 OK in 504ms (Views: 315.5ms)


Started GET "/" for 127.0.0.1 at 2017-10-04 08:47:21 -0300
Processing by MainController#index as HTML
  Rendering main/index.html.erb within layouts/application
  Rendered main/index.html.erb within layouts/application (0.9ms)
Completed 200 OK in 23ms (Views: 15.5ms)


Started GET "/" for 127.0.0.1 at 2017-10-04 08:47:22 -0300
Processing by MainController#index as HTML
  Rendering main/index.html.erb within layouts/application
  Rendered main/index.html.erb within layouts/application (0.5ms)
Completed 200 OK in 22ms (Views: 14.6ms)


Started GET "/" for 127.0.0.1 at 2017-10-04 08:47:23 -0300
Processing by MainController#index as HTML
  Rendering main/index.html.erb within layouts/application
  Rendered main/index.html.erb within layouts/application (0.4ms)
Completed 200 OK in 25ms (Views: 17.8ms)


Started GET "/" for 127.0.0.1 at 2017-10-04 08:47:24 -0300
Processing by MainController#index as HTML
  Rendering main/index.html.erb within layouts/application
  Rendered main/index.html.erb within layouts/application (0.4ms)
Completed 200 OK in 40ms (Views: 25.6ms)


Started GET "/" for 127.0.0.1 at 2017-10-04 08:47:26 -0300
Processing by MainController#index as HTML
  Rendering main/index.html.erb within layouts/application
  Rendered main/index.html.erb within layouts/application (0.7ms)
Completed 200 OK in 38ms (Views: 25.0ms)


Started GET "/" for 127.0.0.1 at 2017-10-04 08:47:27 -0300
Processing by MainController#index as HTML
  Rendering main/index.html.erb within layouts/application
  Rendered main/index.html.erb within layouts/application (0.6ms)
Completed 200 OK in 28ms (Views: 18.8ms)


